<?xml version="1.0" encoding="UTF-8"?>
<!-- Generated by org.testng.reporters.JUnitXMLReporter -->
<testsuite ignored="1" hostname="LAPTOP-PCT5D802" failures="1" tests="1" name="Graduation Admission Test" time="0.055" errors="0" timestamp="2022-01-04T17:08:04 IST">
  <testcase classname="Tests.GraduationAdmissionGre" name="verifyGrePage" time="0.004">
    <failure type="java.lang.NullPointerException" message="Cannot invoke &amp;quot;org.openqa.selenium.WebDriver.manage()&amp;quot; because &amp;quot;Helper.GlobalProperties.webdriver&amp;quot; is null">
      <![CDATA[java.lang.NullPointerException: Cannot invoke "org.openqa.selenium.WebDriver.manage()" because "Helper.GlobalProperties.webdriver" is null
at Tests.GraduationAdmissionGre.verifyGrePage(GraduationAdmissionGre.java:20)
at java.base/java.util.concurrent.ThreadPoolExecutor.runWorker(ThreadPoolExecutor.java:1136)
at java.base/java.util.concurrent.ThreadPoolExecutor$Worker.run(ThreadPoolExecutor.java:635)
at java.base/java.lang.Thread.run(Thread.java:833)
... Removed 12 stack frames]]>
    </failure>
  </testcase> <!-- verifyGrePage -->
  <testcase classname="Tests.GraduationAdmissionGre" name="verifyPositiveGrePage" time="0.0">
    <ignored/>
  </testcase> <!-- verifyPositiveGrePage -->
</testsuite> <!-- Graduation Admission Test -->
