<?xml version="1.0" encoding="UTF-8"?>
<!-- Generated by org.testng.reporters.JUnitXMLReporter -->
<testsuite ignored="1" hostname="NAREN" failures="0" tests="6" name="Personal Information" time="21.524" errors="0" timestamp="2022-01-07T08:34:10 IST">
  <testcase classname="Tests.PersonalInformation" name="doLogIn" time="9.121"/>
  <testcase classname="Tests.PersonalInformation" name="doLogIn" time="2.091"/>
  <testcase classname="Tests.PersonalInformation" name="getBasicPage" time="3.69"/>
  <testcase classname="Tests.PersonalInformation" name="getAdmissionsServicesMastersProductsPage" time="2.252"/>
  <testcase classname="Tests.PersonalInformation" name="clickonBoardAcademicInfoPage" time="0.201"/>
  <testcase classname="Tests.PersonalInformation" name="validateNegativeOnboardingPersonalInfo" time="1.469"/>
  <testcase classname="Tests.PersonalInformation" name="validateOnboardingPersonalInfo" time="0.0">
    <ignored/>
  </testcase> <!-- validateOnboardingPersonalInfo -->
</testsuite> <!-- Personal Information -->
