<?xml version="1.0" encoding="UTF-8"?>
<!-- Generated by org.testng.reporters.JUnitXMLReporter -->
<testsuite ignored="0" hostname="LAPTOP-PCT5D802" failures="2" tests="2" name="Work Experience" time="0.161" errors="0" timestamp="2022-01-04T17:08:04 IST">
  <testcase classname="Tests.WorkExperience" name="clickAddProExperienceButtonAndVerifyWorkExperience" time="0.068">
    <failure type="java.lang.NullPointerException" message="Cannot invoke &amp;quot;org.openqa.selenium.WebDriver.manage()&amp;quot; because &amp;quot;Helper.GlobalProperties.webdriver&amp;quot; is null">
      <![CDATA[java.lang.NullPointerException: Cannot invoke "org.openqa.selenium.WebDriver.manage()" because "Helper.GlobalProperties.webdriver" is null
at Tests.WorkExperience.clickAddProExperienceButtonAndVerifyWorkExperience(WorkExperience.java:41)
at java.base/java.util.concurrent.ThreadPoolExecutor.runWorker(ThreadPoolExecutor.java:1136)
at java.base/java.util.concurrent.ThreadPoolExecutor$Worker.run(ThreadPoolExecutor.java:635)
at java.base/java.lang.Thread.run(Thread.java:833)
... Removed 12 stack frames]]>
    </failure>
  </testcase> <!-- clickAddProExperienceButtonAndVerifyWorkExperience -->
  <testcase classname="Tests.WorkExperience" name="getOnboardingDashBoardPage" time="0.002">
    <failure type="java.lang.NullPointerException" message="Cannot invoke &amp;quot;org.openqa.selenium.WebDriver.manage()&amp;quot; because &amp;quot;Helper.GlobalProperties.webdriver&amp;quot; is null">
      <![CDATA[java.lang.NullPointerException: Cannot invoke "org.openqa.selenium.WebDriver.manage()" because "Helper.GlobalProperties.webdriver" is null
at Tests.WorkExperience.getOnboardingDashBoardPage(WorkExperience.java:25)
at java.base/java.util.concurrent.ThreadPoolExecutor.runWorker(ThreadPoolExecutor.java:1136)
at java.base/java.util.concurrent.ThreadPoolExecutor$Worker.run(ThreadPoolExecutor.java:635)
at java.base/java.lang.Thread.run(Thread.java:833)
... Removed 12 stack frames]]>
    </failure>
  </testcase> <!-- getOnboardingDashBoardPage -->
</testsuite> <!-- Work Experience -->
